# JRE version: Java(TM) SE Runtime Environment (8.0_25-b17) (build 1.8.0_25-b17)
# Java VM: Java HotSpot(TM) 64-Bit Server VM (25.25-b02 mixed mode bsd-amd64 compressed oops)
Heap:
 PSYoungGen      total 281088K, used 159292K [0x00000007aab00000, 0x00000007bea80000, 0x00000007c0000000)
  eden space 260608K, 55% used [0x00000007aab00000,0x00000007b38fbcc8,0x00000007ba980000)
  from space 20480K, 67% used [0x00000007ba980000,0x00000007bb713608,0x00000007bbd80000)
  to   space 21504K, 0% used [0x00000007bd580000,0x00000007bd580000,0x00000007bea80000)
 ParOldGen       total 90624K, used 34557K [0x0000000780000000, 0x0000000785880000, 0x00000007aab00000)
  object space 90624K, 38% used [0x0000000780000000,0x00000007821bf4b0,0x0000000785880000)
 Metaspace       used 71318K, capacity 74025K, committed 74156K, reserved 1114112K
  class space    used 9390K, capacity 9874K, committed 9900K, reserved 1048576K
GC Heap History (10 events):
Event: 29.079 GC heap before
{Heap before GC invocations=24 (full 3):
 PSYoungGen      total 223232K, used 17391K [0x00000007aab00000, 0x00000007bba80000, 0x00000007c0000000)
  eden space 205824K, 0% used [0x00000007aab00000,0x00000007aab00000,0x00000007b7400000)
  from space 17408K, 99% used [0x00000007b7400000,0x00000007b84fbf98,0x00000007b8500000)
  to   space 20480K, 0% used [0x00000007ba680000,0x00000007ba680000,0x00000007bba80000)
 ParOldGen       total 74752K, used 33122K [0x0000000780000000, 0x0000000784900000, 0x00000007aab00000)
  object space 74752K, 44% used [0x0000000780000000,0x0000000782058868,0x0000000784900000)
 Metaspace       used 42725K, capacity 44543K, committed 44588K, reserved 1087488K
  class space    used 5611K, capacity 5932K, committed 5932K, reserved 1048576K
Event: 29.398 GC heap after
Heap after GC invocations=24 (full 3):
 PSYoungGen      total 223232K, used 0K [0x00000007aab00000, 0x00000007bba80000, 0x00000007c0000000)
  eden space 205824K, 0% used [0x00000007aab00000,0x00000007aab00000,0x00000007b7400000)
  from space 17408K, 0% used [0x00000007b7400000,0x00000007b7400000,0x00000007b8500000)
  to   space 20480K, 0% used [0x00000007ba680000,0x00000007ba680000,0x00000007bba80000)
 ParOldGen       total 90624K, used 34525K [0x0000000780000000, 0x0000000785880000, 0x00000007aab00000)
  object space 90624K, 38% used [0x0000000780000000,0x00000007821b74b0,0x0000000785880000)
 Metaspace       used 42725K, capacity 44543K, committed 44588K, reserved 1087488K
  class space    used 5611K, capacity 5932K, committed 5932K, reserved 1048576K
}
Event: 34.623 GC heap before
{Heap before GC invocations=25 (full 3):
 PSYoungGen      total 223232K, used 205824K [0x00000007aab00000, 0x00000007bba80000, 0x00000007c0000000)
  eden space 205824K, 100% used [0x00000007aab00000,0x00000007b7400000,0x00000007b7400000)
  from space 17408K, 0% used [0x00000007b7400000,0x00000007b7400000,0x00000007b8500000)
  to   space 20480K, 0% used [0x00000007ba680000,0x00000007ba680000,0x00000007bba80000)
 ParOldGen       total 90624K, used 34525K [0x0000000780000000, 0x0000000785880000, 0x00000007aab00000)
  object space 90624K, 38% used [0x0000000780000000,0x00000007821b74b0,0x0000000785880000)
 Metaspace       used 50308K, capacity 52243K, committed 52396K, reserved 1095680K
  class space    used 6680K, capacity 7015K, committed 7084K, reserved 1048576K
Event: 34.647 GC heap after
Heap after GC invocations=25 (full 3):
 PSYoungGen      total 250368K, used 10766K [0x00000007aab00000, 0x00000007bb680000, 0x00000007c0000000)
  eden space 233984K, 0% used [0x00000007aab00000,0x00000007aab00000,0x00000007b8f80000)
  from space 16384K, 65% used [0x00000007ba680000,0x00000007bb103aa8,0x00000007bb680000)
  to   space 19968K, 0% used [0x00000007b8f80000,0x00000007b8f80000,0x00000007ba300000)
 ParOldGen       total 90624K, used 34533K [0x0000000780000000, 0x0000000785880000, 0x00000007aab00000)
  object space 90624K, 38% used [0x0000000780000000,0x00000007821b94b0,0x0000000785880000)
 Metaspace       used 50308K, capacity 52243K, committed 52396K, reserved 1095680K
  class space    used 6680K, capacity 7015K, committed 7084K, reserved 1048576K
}
Event: 42.121 GC heap before
{Heap before GC invocations=26 (full 3):
 PSYoungGen      total 250368K, used 244750K [0x00000007aab00000, 0x00000007bb680000, 0x00000007c0000000)
  eden space 233984K, 100% used [0x00000007aab00000,0x00000007b8f80000,0x00000007b8f80000)
  from space 16384K, 65% used [0x00000007ba680000,0x00000007bb103aa8,0x00000007bb680000)
  to   space 19968K, 0% used [0x00000007b8f80000,0x00000007b8f80000,0x00000007ba300000)
 ParOldGen       total 90624K, used 34533K [0x0000000780000000, 0x0000000785880000, 0x00000007aab00000)
  object space 90624K, 38% used [0x0000000780000000,0x00000007821b94b0,0x0000000785880000)
 Metaspace       used 60349K, capacity 62365K, committed 62636K, reserved 1103872K
  class space    used 7960K, capacity 8309K, committed 8364K, reserved 1048576K
Event: 42.168 GC heap after
Heap after GC invocations=26 (full 3):
 PSYoungGen      total 253952K, used 12696K [0x00000007aab00000, 0x00000007bd480000, 0x00000007c0000000)
  eden space 233984K, 0% used [0x00000007aab00000,0x00000007aab00000,0x00000007b8f80000)
  from space 19968K, 63% used [0x00000007b8f80000,0x00000007b9be61a8,0x00000007ba300000)
  to   space 20480K, 0% used [0x00000007bc080000,0x00000007bc080000,0x00000007bd480000)
 ParOldGen       total 90624K, used 34541K [0x0000000780000000, 0x0000000785880000, 0x00000007aab00000)
  object space 90624K, 38% used [0x0000000780000000,0x00000007821bb4b0,0x0000000785880000)
 Metaspace       used 60349K, capacity 62365K, committed 62636K, reserved 1103872K
  class space    used 7960K, capacity 8309K, committed 8364K, reserved 1048576K
}
Event: 50.315 GC heap before
{Heap before GC invocations=27 (full 3):
 PSYoungGen      total 253952K, used 246680K [0x00000007aab00000, 0x00000007bd480000, 0x00000007c0000000)
  eden space 233984K, 100% used [0x00000007aab00000,0x00000007b8f80000,0x00000007b8f80000)
  from space 19968K, 63% used [0x00000007b8f80000,0x00000007b9be61a8,0x00000007ba300000)
  to   space 20480K, 0% used [0x00000007bc080000,0x00000007bc080000,0x00000007bd480000)
 ParOldGen       total 90624K, used 34541K [0x0000000780000000, 0x0000000785880000, 0x00000007aab00000)
  object space 90624K, 38% used [0x0000000780000000,0x00000007821bb4b0,0x0000000785880000)
 Metaspace       used 63352K, capacity 65513K, committed 65964K, reserved 1105920K
  class space    used 8373K, capacity 8760K, committed 8876K, reserved 1048576K
Event: 50.351 GC heap after
Heap after GC invocations=27 (full 3):
 PSYoungGen      total 278016K, used 11803K [0x00000007aab00000, 0x00000007bd180000, 0x00000007c0000000)
  eden space 260608K, 0% used [0x00000007aab00000,0x00000007aab00000,0x00000007ba980000)
  from space 17408K, 67% used [0x00000007bc080000,0x00000007bcc06f18,0x00000007bd180000)
  to   space 20480K, 0% used [0x00000007ba980000,0x00000007ba980000,0x00000007bbd80000)
 ParOldGen       total 90624K, used 34549K [0x0000000780000000, 0x0000000785880000, 0x00000007aab00000)
  object space 90624K, 38% used [0x0000000780000000,0x00000007821bd4b0,0x0000000785880000)
 Metaspace       used 63352K, capacity 65513K, committed 65964K, reserved 1105920K
  class space    used 8373K, capacity 8760K, committed 8876K, reserved 1048576K
}
Event: 55.054 GC heap before
{Heap before GC invocations=28 (full 3):
 PSYoungGen      total 278016K, used 272411K [0x00000007aab00000, 0x00000007bd180000, 0x00000007c0000000)
  eden space 260608K, 100% used [0x00000007aab00000,0x00000007ba980000,0x00000007ba980000)
  from space 17408K, 67% used [0x00000007bc080000,0x00000007bcc06f18,0x00000007bd180000)
  to   space 20480K, 0% used [0x00000007ba980000,0x00000007ba980000,0x00000007bbd80000)
 ParOldGen       total 90624K, used 34549K [0x0000000780000000, 0x0000000785880000, 0x00000007aab00000)
  object space 90624K, 38% used [0x0000000780000000,0x00000007821bd4b0,0x0000000785880000)
 Metaspace       used 66989K, capacity 69507K, committed 69804K, reserved 1110016K
  class space    used 8878K, capacity 9311K, committed 9388K, reserved 1048576K
Event: 55.104 GC heap after
Heap after GC invocations=28 (full 3):
 PSYoungGen      total 281088K, used 13901K [0x00000007aab00000, 0x00000007bea80000, 0x00000007c0000000)
  eden space 260608K, 0% used [0x00000007aab00000,0x00000007aab00000,0x00000007ba980000)
  from space 20480K, 67% used [0x00000007ba980000,0x00000007bb713608,0x00000007bbd80000)
  to   space 21504K, 0% used [0x00000007bd580000,0x00000007bd580000,0x00000007bea80000)
 ParOldGen       total 90624K, used 34557K [0x0000000780000000, 0x0000000785880000, 0x00000007aab00000)
  object space 90624K, 38% used [0x0000000780000000,0x00000007821bf4b0,0x0000000785880000)
 Metaspace       used 66989K, capacity 69507K, committed 69804K, reserved 1110016K
  class space    used 8878K, capacity 9311K, committed 9388K, reserved 1048576K
}

